2016-03-20 18:18:18 INFO  ClassPathXmlApplicationContext:515 - Refreshing org.springframework.context.support.ClassPathXmlApplicationContext@7e0b37bc: startup date [Sun Mar 20 18:18:18 CET 2016]; root of context hierarchy
2016-03-20 18:18:18 INFO  XmlBeanDefinitionReader:316 - Loading XML bean definitions from class path resource [Spring.xml]
2016-03-20 18:18:19 INFO  DefaultListableBeanFactory:603 - Pre-instantiating singletons in org.springframework.beans.factory.support.DefaultListableBeanFactory@5ae9a829: defining beans [duke,loremIpsumPoem,theStage,saxophone,guitar,auditorium,kenny,tom,hank]; root of factory hierarchy
2016-03-20 18:18:19 INFO  Juggler:20 - Juggler.perform(): beanBags - 15
2016-03-20 18:18:19 INFO  Instrumentalist:14 - Instrumentalist.perform(): Instrument - com.mp.springidol.classes.Saxophone@711f39f9
2016-03-20 18:18:19 INFO  Instrumentalist:14 - Instrumentalist.perform(): Instrument - com.mp.springidol.classes.Piano@71bbf57e
2016-03-20 18:18:19 INFO  OneManBand:20 - OneManBand.perform(): Instrument - interface com.mp.springidol.interfaces.Instrument
2016-03-20 18:18:19 INFO  OneManBand:20 - OneManBand.perform(): Instrument - interface com.mp.springidol.interfaces.Instrument
2016-04-01 20:30:20 INFO  ClassPathXmlApplicationContext:515 - Refreshing org.springframework.context.support.ClassPathXmlApplicationContext@7e0b37bc: startup date [Fri Apr 01 20:30:20 CEST 2016]; root of context hierarchy
2016-04-01 20:30:20 INFO  XmlBeanDefinitionReader:316 - Loading XML bean definitions from class path resource [Spring.xml]
2016-04-01 20:30:21 INFO  DefaultListableBeanFactory:603 - Pre-instantiating singletons in org.springframework.beans.factory.support.DefaultListableBeanFactory@5ae9a829: defining beans [duke,loremIpsumPoem,theStage,saxophone,guitar,auditorium,kenny,tom,hank]; root of factory hierarchy
2016-04-01 20:30:21 INFO  Juggler:20 - Juggler.perform(): beanBags - 15
2016-04-01 20:30:21 INFO  Instrumentalist:14 - Instrumentalist.perform(): Instrument - com.mp.springidol.classes.Saxophone@711f39f9
2016-04-01 20:30:21 INFO  Instrumentalist:14 - Instrumentalist.perform(): Instrument - com.mp.springidol.classes.Piano@71bbf57e
2016-04-01 20:30:21 INFO  OneManBand:20 - OneManBand.perform(): Instrument - interface com.mp.springidol.interfaces.Instrument
2016-04-01 20:30:21 INFO  OneManBand:20 - OneManBand.perform(): Instrument - interface com.mp.springidol.interfaces.Instrument
2016-04-04 22:07:51 INFO  ClassPathXmlApplicationContext:515 - Refreshing org.springframework.context.support.ClassPathXmlApplicationContext@3d82c5f3: startup date [Mon Apr 04 22:07:51 CEST 2016]; root of context hierarchy
2016-04-04 22:07:51 INFO  XmlBeanDefinitionReader:316 - Loading XML bean definitions from class path resource [Spring.xml]
2016-04-04 22:07:52 INFO  DefaultListableBeanFactory:603 - Pre-instantiating singletons in org.springframework.beans.factory.support.DefaultListableBeanFactory@39c0f4a: defining beans [org.springframework.aop.config.internalAutoProxyCreator,org.springframework.aop.aspectj.AspectJPointcutAdvisor#0,duke,loremIpsumPoem,theStage,saxophone,guitar,auditorium,audience,kenny,tom,hank]; root of factory hierarchy
2016-04-04 22:07:52 WARN  ClassPathXmlApplicationContext:487 - Exception encountered during context initialization - cancelling refresh attempt: org.springframework.beans.factory.BeanCreationException: Error creating bean with name 'org.springframework.aop.aspectj.AspectJPointcutAdvisor#0': Instantiation of bean failed; nested exception is org.springframework.beans.BeanInstantiationException: Could not instantiate bean class [org.springframework.aop.aspectj.AspectJPointcutAdvisor]: Constructor threw exception; nested exception is java.lang.IllegalArgumentException: Pointcut is not well-formed: expecting 'name pattern' at character position 59
execution(* com.mp.springidol.interfaces.Performer.perform(...))
                                                           ^^^

2016-04-04 22:07:52 INFO  DefaultListableBeanFactory:444 - Destroying singletons in org.springframework.beans.factory.support.DefaultListableBeanFactory@39c0f4a: defining beans [org.springframework.aop.config.internalAutoProxyCreator,org.springframework.aop.aspectj.AspectJPointcutAdvisor#0,duke,loremIpsumPoem,theStage,saxophone,guitar,auditorium,audience,kenny,tom,hank]; root of factory hierarchy
2016-04-04 22:08:31 INFO  ClassPathXmlApplicationContext:515 - Refreshing org.springframework.context.support.ClassPathXmlApplicationContext@3d82c5f3: startup date [Mon Apr 04 22:08:31 CEST 2016]; root of context hierarchy
2016-04-04 22:08:31 INFO  XmlBeanDefinitionReader:316 - Loading XML bean definitions from class path resource [Spring.xml]
2016-04-04 22:08:32 INFO  DefaultListableBeanFactory:603 - Pre-instantiating singletons in org.springframework.beans.factory.support.DefaultListableBeanFactory@39c0f4a: defining beans [org.springframework.aop.config.internalAutoProxyCreator,org.springframework.aop.aspectj.AspectJPointcutAdvisor#0,duke,loremIpsumPoem,theStage,saxophone,guitar,auditorium,audience,kenny,tom,hank]; root of factory hierarchy
2016-04-04 22:08:32 INFO  Juggler:20 - Juggler.perform(): beanBags - 15
2016-04-04 22:08:32 INFO  Instrumentalist:14 - Instrumentalist.perform(): Instrument - com.mp.springidol.classes.Saxophone@2f112965
2016-04-04 22:08:32 INFO  Instrumentalist:14 - Instrumentalist.perform(): Instrument - com.mp.springidol.classes.Piano@1a04f701
2016-04-04 22:08:32 INFO  OneManBand:20 - OneManBand.perform(): Instrument - interface com.mp.springidol.interfaces.Instrument
2016-04-04 22:08:32 INFO  OneManBand:20 - OneManBand.perform(): Instrument - interface com.mp.springidol.interfaces.Instrument
2016-04-04 22:09:51 INFO  ClassPathXmlApplicationContext:515 - Refreshing org.springframework.context.support.ClassPathXmlApplicationContext@3d82c5f3: startup date [Mon Apr 04 22:09:51 CEST 2016]; root of context hierarchy
2016-04-04 22:09:51 INFO  XmlBeanDefinitionReader:316 - Loading XML bean definitions from class path resource [Spring.xml]
2016-04-04 22:09:51 INFO  DefaultListableBeanFactory:603 - Pre-instantiating singletons in org.springframework.beans.factory.support.DefaultListableBeanFactory@39c0f4a: defining beans [org.springframework.aop.config.internalAutoProxyCreator,org.springframework.aop.aspectj.AspectJPointcutAdvisor#0,org.springframework.aop.aspectj.AspectJPointcutAdvisor#1,duke,loremIpsumPoem,theStage,saxophone,guitar,auditorium,audience,kenny,tom,hank]; root of factory hierarchy
2016-04-04 22:09:52 INFO  Juggler:20 - Juggler.perform(): beanBags - 15
2016-04-04 22:09:52 INFO  Instrumentalist:14 - Instrumentalist.perform(): Instrument - com.mp.springidol.classes.Saxophone@6193932a
2016-04-04 22:09:52 INFO  Instrumentalist:14 - Instrumentalist.perform(): Instrument - com.mp.springidol.classes.Piano@647fd8ce
2016-04-04 22:09:52 INFO  OneManBand:20 - OneManBand.perform(): Instrument - interface com.mp.springidol.interfaces.Instrument
2016-04-04 22:09:52 INFO  OneManBand:20 - OneManBand.perform(): Instrument - interface com.mp.springidol.interfaces.Instrument
2016-04-04 22:11:59 INFO  ClassPathXmlApplicationContext:515 - Refreshing org.springframework.context.support.ClassPathXmlApplicationContext@3d82c5f3: startup date [Mon Apr 04 22:11:59 CEST 2016]; root of context hierarchy
2016-04-04 22:11:59 INFO  XmlBeanDefinitionReader:316 - Loading XML bean definitions from class path resource [Spring.xml]
2016-04-04 22:12:00 INFO  DefaultListableBeanFactory:603 - Pre-instantiating singletons in org.springframework.beans.factory.support.DefaultListableBeanFactory@e25b2fe: defining beans [org.springframework.aop.config.internalAutoProxyCreator,org.springframework.aop.aspectj.AspectJPointcutAdvisor#0,org.springframework.aop.aspectj.AspectJPointcutAdvisor#1,org.springframework.aop.aspectj.AspectJPointcutAdvisor#2,org.springframework.aop.aspectj.AspectJPointcutAdvisor#3,duke,loremIpsumPoem,theStage,saxophone,guitar,auditorium,audience,kenny,tom,hank]; root of factory hierarchy
2016-04-04 22:12:00 INFO  Juggler:20 - Juggler.perform(): beanBags - 15
2016-04-04 22:12:00 INFO  Instrumentalist:14 - Instrumentalist.perform(): Instrument - com.mp.springidol.classes.Saxophone@3cc2931c
2016-04-04 22:12:00 INFO  Instrumentalist:14 - Instrumentalist.perform(): Instrument - com.mp.springidol.classes.Piano@20d28811
2016-04-04 22:12:00 INFO  OneManBand:20 - OneManBand.perform(): Instrument - interface com.mp.springidol.interfaces.Instrument
2016-04-04 22:12:00 INFO  OneManBand:20 - OneManBand.perform(): Instrument - interface com.mp.springidol.interfaces.Instrument
2016-04-05 19:23:19 INFO  ClassPathXmlApplicationContext:515 - Refreshing org.springframework.context.support.ClassPathXmlApplicationContext@3d82c5f3: startup date [Tue Apr 05 19:23:19 CEST 2016]; root of context hierarchy
2016-04-05 19:23:19 INFO  XmlBeanDefinitionReader:316 - Loading XML bean definitions from class path resource [Spring.xml]
2016-04-05 19:23:20 INFO  DefaultListableBeanFactory:603 - Pre-instantiating singletons in org.springframework.beans.factory.support.DefaultListableBeanFactory@f6c48ac: defining beans [org.springframework.aop.config.internalAutoProxyCreator,org.springframework.aop.aspectj.AspectJPointcutAdvisor#0,org.springframework.aop.aspectj.AspectJPointcutAdvisor#1,org.springframework.aop.aspectj.AspectJPointcutAdvisor#2,org.springframework.aop.aspectj.AspectJPointcutAdvisor#3,performance,org.springframework.aop.aspectj.AspectJPointcutAdvisor#4,performance2,duke,loremIpsumPoem,theStage,saxophone,guitar,auditorium,audience,kenny,tom,hank]; root of factory hierarchy
2016-04-05 19:23:21 WARN  ClassPathXmlApplicationContext:487 - Exception encountered during context initialization - cancelling refresh attempt: org.springframework.beans.factory.BeanCreationException: Error creating bean with name 'org.springframework.aop.aspectj.AspectJPointcutAdvisor#4': Cannot create inner bean '(inner bean)#5b0abc94' of type [org.springframework.aop.aspectj.AspectJAroundAdvice] while setting constructor argument; nested exception is org.springframework.beans.factory.BeanCreationException: Error creating bean with name '(inner bean)#5b0abc94': Cannot create inner bean '(inner bean)#75c072cb' of type [org.springframework.aop.config.MethodLocatingFactoryBean] while setting constructor argument; nested exception is org.springframework.beans.factory.BeanCreationException: Error creating bean with name '(inner bean)#75c072cb': Initialization of bean failed; nested exception is java.lang.IllegalArgumentException: Unable to locate method [watchPerformance()] on bean [audience]
2016-04-05 19:23:21 INFO  DefaultListableBeanFactory:444 - Destroying singletons in org.springframework.beans.factory.support.DefaultListableBeanFactory@f6c48ac: defining beans [org.springframework.aop.config.internalAutoProxyCreator,org.springframework.aop.aspectj.AspectJPointcutAdvisor#0,org.springframework.aop.aspectj.AspectJPointcutAdvisor#1,org.springframework.aop.aspectj.AspectJPointcutAdvisor#2,org.springframework.aop.aspectj.AspectJPointcutAdvisor#3,performance,org.springframework.aop.aspectj.AspectJPointcutAdvisor#4,performance2,duke,loremIpsumPoem,theStage,saxophone,guitar,auditorium,audience,kenny,tom,hank]; root of factory hierarchy
2016-04-05 19:24:02 INFO  ClassPathXmlApplicationContext:515 - Refreshing org.springframework.context.support.ClassPathXmlApplicationContext@3d82c5f3: startup date [Tue Apr 05 19:24:02 CEST 2016]; root of context hierarchy
2016-04-05 19:24:03 INFO  XmlBeanDefinitionReader:316 - Loading XML bean definitions from class path resource [Spring.xml]
2016-04-05 19:24:03 INFO  DefaultListableBeanFactory:603 - Pre-instantiating singletons in org.springframework.beans.factory.support.DefaultListableBeanFactory@f6c48ac: defining beans [org.springframework.aop.config.internalAutoProxyCreator,org.springframework.aop.aspectj.AspectJPointcutAdvisor#0,org.springframework.aop.aspectj.AspectJPointcutAdvisor#1,org.springframework.aop.aspectj.AspectJPointcutAdvisor#2,org.springframework.aop.aspectj.AspectJPointcutAdvisor#3,performance,org.springframework.aop.aspectj.AspectJPointcutAdvisor#4,performance2,duke,loremIpsumPoem,theStage,saxophone,guitar,auditorium,audience,kenny,tom,hank]; root of factory hierarchy
2016-04-05 19:24:04 INFO  Juggler:20 - Juggler.perform(): beanBags - 15
2016-04-05 19:24:04 INFO  Instrumentalist:14 - Instrumentalist.perform(): Instrument - com.mp.springidol.classes.Saxophone@1534f01b
2016-04-05 19:24:04 INFO  Instrumentalist:14 - Instrumentalist.perform(): Instrument - com.mp.springidol.classes.Piano@78e117e3
2016-04-05 19:24:04 INFO  OneManBand:20 - OneManBand.perform(): Instrument - interface com.mp.springidol.interfaces.Instrument
2016-04-05 19:24:04 INFO  OneManBand:20 - OneManBand.perform(): Instrument - interface com.mp.springidol.interfaces.Instrument
2016-04-05 19:50:03 INFO  ClassPathXmlApplicationContext:515 - Refreshing org.springframework.context.support.ClassPathXmlApplicationContext@3d82c5f3: startup date [Tue Apr 05 19:50:03 CEST 2016]; root of context hierarchy
2016-04-05 19:50:03 INFO  XmlBeanDefinitionReader:316 - Loading XML bean definitions from class path resource [Spring.xml]
2016-04-05 19:50:03 INFO  DefaultListableBeanFactory:603 - Pre-instantiating singletons in org.springframework.beans.factory.support.DefaultListableBeanFactory@f6c48ac: defining beans [org.springframework.aop.config.internalAutoProxyCreator,org.springframework.aop.aspectj.AspectJPointcutAdvisor#0,org.springframework.aop.aspectj.AspectJPointcutAdvisor#1,org.springframework.aop.aspectj.AspectJPointcutAdvisor#2,org.springframework.aop.aspectj.AspectJPointcutAdvisor#3,performance,org.springframework.aop.aspectj.AspectJPointcutAdvisor#4,performance2,org.springframework.aop.aspectj.AspectJPointcutAdvisor#5,thinking,duke,loremIpsumPoem,theStage,saxophone,guitar,auditorium,audience,kenny,tom,hank]; root of factory hierarchy
2016-04-05 19:50:04 WARN  ClassPathXmlApplicationContext:487 - Exception encountered during context initialization - cancelling refresh attempt: org.springframework.beans.factory.BeanCreationException: Error creating bean with name 'org.springframework.aop.aspectj.AspectJPointcutAdvisor#5': Cannot create inner bean '(inner bean)#25a65b77' of type [org.springframework.aop.aspectj.AspectJMethodBeforeAdvice] while setting constructor argument; nested exception is org.springframework.beans.factory.BeanCreationException: Error creating bean with name '(inner bean)#25a65b77': Cannot create inner bean '(inner bean)#2ed0fbae' of type [org.springframework.aop.config.MethodLocatingFactoryBean] while setting constructor argument; nested exception is org.springframework.beans.factory.BeanCreationException: Error creating bean with name '(inner bean)#2ed0fbae': Initialization of bean failed; nested exception is org.springframework.beans.factory.NoSuchBeanDefinitionException: No bean named 'magician' is defined
2016-04-05 19:50:04 INFO  DefaultListableBeanFactory:444 - Destroying singletons in org.springframework.beans.factory.support.DefaultListableBeanFactory@f6c48ac: defining beans [org.springframework.aop.config.internalAutoProxyCreator,org.springframework.aop.aspectj.AspectJPointcutAdvisor#0,org.springframework.aop.aspectj.AspectJPointcutAdvisor#1,org.springframework.aop.aspectj.AspectJPointcutAdvisor#2,org.springframework.aop.aspectj.AspectJPointcutAdvisor#3,performance,org.springframework.aop.aspectj.AspectJPointcutAdvisor#4,performance2,org.springframework.aop.aspectj.AspectJPointcutAdvisor#5,thinking,duke,loremIpsumPoem,theStage,saxophone,guitar,auditorium,audience,kenny,tom,hank]; root of factory hierarchy
2016-04-05 19:51:09 INFO  ClassPathXmlApplicationContext:515 - Refreshing org.springframework.context.support.ClassPathXmlApplicationContext@3d82c5f3: startup date [Tue Apr 05 19:51:09 CEST 2016]; root of context hierarchy
2016-04-05 19:51:09 INFO  XmlBeanDefinitionReader:316 - Loading XML bean definitions from class path resource [Spring.xml]
2016-04-05 19:51:09 INFO  DefaultListableBeanFactory:603 - Pre-instantiating singletons in org.springframework.beans.factory.support.DefaultListableBeanFactory@f6c48ac: defining beans [org.springframework.aop.config.internalAutoProxyCreator,org.springframework.aop.aspectj.AspectJPointcutAdvisor#0,org.springframework.aop.aspectj.AspectJPointcutAdvisor#1,org.springframework.aop.aspectj.AspectJPointcutAdvisor#2,org.springframework.aop.aspectj.AspectJPointcutAdvisor#3,performance,org.springframework.aop.aspectj.AspectJPointcutAdvisor#4,performance2,org.springframework.aop.aspectj.AspectJPointcutAdvisor#5,thinking,duke,loremIpsumPoem,theStage,magician,saxophone,guitar,auditorium,audience,kenny,tom,hank]; root of factory hierarchy
2016-04-05 19:51:10 WARN  ClassPathXmlApplicationContext:487 - Exception encountered during context initialization - cancelling refresh attempt: org.springframework.beans.factory.BeanCreationException: Error creating bean with name 'org.springframework.aop.aspectj.AspectJPointcutAdvisor#5': Instantiation of bean failed; nested exception is org.springframework.beans.BeanInstantiationException: Could not instantiate bean class [org.springframework.aop.aspectj.AspectJPointcutAdvisor]: Constructor threw exception; nested exception is java.lang.IllegalArgumentException: warning no match for this type name: com.mp.springidol.Volunteer [Xlint:invalidAbsoluteTypeName]
2016-04-05 19:51:10 INFO  DefaultListableBeanFactory:444 - Destroying singletons in org.springframework.beans.factory.support.DefaultListableBeanFactory@f6c48ac: defining beans [org.springframework.aop.config.internalAutoProxyCreator,org.springframework.aop.aspectj.AspectJPointcutAdvisor#0,org.springframework.aop.aspectj.AspectJPointcutAdvisor#1,org.springframework.aop.aspectj.AspectJPointcutAdvisor#2,org.springframework.aop.aspectj.AspectJPointcutAdvisor#3,performance,org.springframework.aop.aspectj.AspectJPointcutAdvisor#4,performance2,org.springframework.aop.aspectj.AspectJPointcutAdvisor#5,thinking,duke,loremIpsumPoem,theStage,magician,saxophone,guitar,auditorium,audience,kenny,tom,hank]; root of factory hierarchy
2016-04-05 19:51:47 INFO  ClassPathXmlApplicationContext:515 - Refreshing org.springframework.context.support.ClassPathXmlApplicationContext@3d82c5f3: startup date [Tue Apr 05 19:51:47 CEST 2016]; root of context hierarchy
2016-04-05 19:51:47 INFO  XmlBeanDefinitionReader:316 - Loading XML bean definitions from class path resource [Spring.xml]
2016-04-05 19:51:48 INFO  DefaultListableBeanFactory:603 - Pre-instantiating singletons in org.springframework.beans.factory.support.DefaultListableBeanFactory@f6c48ac: defining beans [org.springframework.aop.config.internalAutoProxyCreator,org.springframework.aop.aspectj.AspectJPointcutAdvisor#0,org.springframework.aop.aspectj.AspectJPointcutAdvisor#1,org.springframework.aop.aspectj.AspectJPointcutAdvisor#2,org.springframework.aop.aspectj.AspectJPointcutAdvisor#3,performance,org.springframework.aop.aspectj.AspectJPointcutAdvisor#4,performance2,org.springframework.aop.aspectj.AspectJPointcutAdvisor#5,thinking,duke,loremIpsumPoem,theStage,magician,saxophone,guitar,auditorium,audience,kenny,tom,hank]; root of factory hierarchy
2016-04-05 19:51:48 INFO  Juggler:20 - Juggler.perform(): beanBags - 15
2016-04-05 19:51:48 INFO  Instrumentalist:14 - Instrumentalist.perform(): Instrument - com.mp.springidol.classes.Saxophone@3aefe5e5
2016-04-05 19:51:48 INFO  Instrumentalist:14 - Instrumentalist.perform(): Instrument - com.mp.springidol.classes.Piano@149e0f5d
2016-04-05 19:51:48 INFO  OneManBand:20 - OneManBand.perform(): Instrument - interface com.mp.springidol.interfaces.Instrument
2016-04-05 19:51:48 INFO  OneManBand:20 - OneManBand.perform(): Instrument - interface com.mp.springidol.interfaces.Instrument
